<?xml version="1.0" encoding="UTF-8"?>
<!-- Generated by org.testng.reporters.JUnitReportReporter -->
<testsuite skipped="0" hostname="DESKTOP-K04DGBJ" name="test.dockerTest" tests="6" failures="0" timestamp="2021-03-09T02:48:10 IST" time="14.244" errors="0">
  <testcase name="verifyImageFilter" time="0.152" classname="test.dockerTest"/>
  <system-out/>
  <testcase name="verifyCategoryFilter" time="0.830" classname="test.dockerTest"/>
  <system-out/>
  <testcase name="testLandingPage" time="0.294" classname="test.dockerTest"/>
  <system-out/>
  <testcase name="verifyAppliedFilter" time="3.751" classname="test.dockerTest"/>
  <system-out/>
  <testcase name="verifyClosedFilter" time="3.203" classname="test.dockerTest"/>
  <system-out/>
  <testcase name="verifyAdditionalFilter" time="6.014" classname="test.dockerTest"/>
  <system-out/>
</testsuite> <!-- test.dockerTest -->
